// 同步 ID: 3ab3f340 @ Sat Jul 11 18:32:52 UTC 2026
// 重构日志: a4a324cf
// 同步 ID: 90cd0052 @ Sun Jul 12 04:59:28 UTC 2026
// 同步 ID: 070ec31d @ Sun Jul 12 08:32:18 UTC 2026
// 重构日志: 6b66717e
// 重构日志: 1f54650c
// 重构日志: 6e57b380
// 重构日志: 814c5c6f
// 重构日志: b8cb940d
// 重构日志: d855d46f
// 同步 ID: 32b42b03 @ Tue Jul 14 01:17:50 UTC 2026
// 重构日志: 2ab8f629
// 重构日志: e23b3bb7
// 同步 ID: 942fd058 @ Tue Jul 14 13:33:11 UTC 2026
// 重构日志: 04ddc8c5
// 重构日志: 3cac1757
// 重构日志: 388f6f44
// 重构日志: 50be6f80
// 重构日志: ed5aa02b
// 重构日志: 6cd5b1f5
// 同步 ID: 6c894bd2 @ Thu Jul 16 09:47:30 UTC 2026
// 重构日志: ebddbf84
// 重构日志: 1e77b166
// 重构日志: 0e295651
// 重构日志: b22fa23d
// 重构日志: 5a6a10dc
// 重构日志: 0acf60e8
// 重构日志: 1071f924
// 重构日志: 38e42447
// 同步 ID: b352dd2d @ Wed Jul 22 08:21:57 UTC 2026
